<?xml version="1.0" encoding="UTF-8"?>
<testng-results skipped="0" failed="0" ignored="0" total="1" passed="1">
  <reporter-output>
  </reporter-output>
  <suite name="Default suite" duration-ms="40865" started-at="2020-03-12T13:42:19Z" finished-at="2020-03-12T13:43:00Z">
    <groups>
    </groups>
    <test name="Default test" duration-ms="40865" started-at="2020-03-12T13:42:19Z" finished-at="2020-03-12T13:43:00Z">
      <class name="com.training.sanity.tests.RETC_43">
        <test-method status="PASS" signature="setUpBeforeClass()[pri:0, instance:com.training.sanity.tests.RETC_43@7823a2f9]" name="setUpBeforeClass" is-config="true" duration-ms="15" started-at="2020-03-12T19:12:19Z" finished-at="2020-03-12T19:12:19Z">
          <reporter-output>
          </reporter-output>
        </test-method> <!-- setUpBeforeClass -->
        <test-method status="PASS" signature="setUp()[pri:0, instance:com.training.sanity.tests.RETC_43@7823a2f9]" name="setUp" is-config="true" duration-ms="16761" started-at="2020-03-12T19:12:19Z" finished-at="2020-03-12T19:12:36Z">
          <reporter-output>
          </reporter-output>
        </test-method> <!-- setUp -->
        <test-method status="PASS" signature="validLoginTest()[pri:0, instance:com.training.sanity.tests.RETC_43@7823a2f9]" name="validLoginTest" duration-ms="23156" started-at="2020-03-12T19:12:36Z" finished-at="2020-03-12T19:12:59Z">
          <reporter-output>
          </reporter-output>
        </test-method> <!-- validLoginTest -->
        <test-method status="PASS" signature="tearDown()[pri:0, instance:com.training.sanity.tests.RETC_43@7823a2f9]" name="tearDown" is-config="true" duration-ms="893" started-at="2020-03-12T19:12:59Z" finished-at="2020-03-12T19:13:00Z">
          <reporter-output>
          </reporter-output>
        </test-method> <!-- tearDown -->
      </class> <!-- com.training.sanity.tests.RETC_43 -->
    </test> <!-- Default test -->
  </suite> <!-- Default suite -->
</testng-results>
